<?xml version="1.0" encoding="utf-8" standalone="no"?>
<test-results xmlns:xsi="http://www.w3.org/2001/XMLSchema-instance" xsi:noNamespaceSchemaLocation="nunit_schema_2.5.xsd" name="Pester" total="0" errors="0" failures="0" not-run="0" inconclusive="0" ignored="0" skipped="0" invalid="0" date="2025-08-28" time="18:37:37">
  <environment user="CAU" machine-name="PPC0111A0133" cwd="C:\Users\CAU.LAP\CAU\AD_ADMIN\Tests" user-domain="PPC0111A0133" platform="Microsoft Windows 11 Pro|C:\WINDOWS|\Device\Harddisk0\Partition3" nunit-version="2.5.8.0" os-version="10.0.26100" clr-version="4.0.30319.42000" />
  <culture-info current-culture="es-ES" current-uiculture="es-ES" />
  <test-suite type="Powershell" name="Pester" executed="True" result="Success" success="True" time="0" asserts="0">
    <results />
  </test-suite>
</test-results>